## -*- mode:ulam -*-
#=t3215_test_compiler_element_modelparameterint
#!
./Foo.ulam:12:9: ERROR: Invalid Statement (possible missing semicolon).
Unrecoverable Program Parse FAILURE.
## f.chance =
## ./Foo.ulam:12:11: ERROR: Invalid lefthand side of equals <.>, type: Int(32).
## chance =
## ./Foo.ulam:12:11: ERROR: Invalid Statement (possible missing semicolon).
## generate code for test:
##  include/Ue_102323Foo10_Types.h:321: FAILED: NULL_POINTER
##
##
##      // MP not storeintoable/
#>Foo.ulam
ulam 1;
use System;
 element Foo {
 System s;
 parameter Int chance = 1;
 Int a;
 Int test() {
 Foo f;
 s.print(chance);
 s.print(f.chance);
 a = f.chance;
 chance = 4;
 return a;
 }
 }

#:System.ulam
ulam 1;
quark System {
Void print(Unsigned arg) native;
Void print(Int arg) native;
Void print(Int(4) arg) native;
Void print(Int(3) arg) native;
Void print(Unary(3) arg) native;
Void print(Bool(3) arg) native;
Void assert(Bool b) native;
}
##
##      //simplify for debugging
##      //bool rtn1 = fms->add("Foo.ulam","ulam 1;\n element Foo {\n parameter Int chance = 1;\n Int a;\n Int test() {\n Foo f;\n a = f.chance;\n return a;\n }\n }\n");
#.
