## -*- mode:ulam -*-
#=t3552_test_compiler_funccallargsnomatchwinheritance_error
#!
./Tu.ulam:8:5: ERROR: (1) <print> has no defined function with 2 matching argument types: Bool(1), Int(3), and cannot be called.
./Tu.ulam:9:5: ERROR: (1) <print> has no defined function with 0 matching argument types: and cannot be called.
./Tu.ulam:4:9: ERROR: 4 Nodes with erroneous types detected after type labeling class: Tu.
Unrecoverable Program Type Label FAILURE.
##
##       //no matching function: error should list the type, not just the number
##
#>Tu.ulam
ulam 1;
use System;
use Foo;
element Tu : Foo {
System s;
Int test(){
  Bool me;
  s.print(me, 3);
  s.print();
  return 0;
}
}

#:Foo.ulam
ulam 1;
use System;
quark Foo {
  Bool fb = true;
  //no matching function here either!!
}

#:System.ulam
ulam 1;
quark System {
Void print(Unsigned arg) native;
Void print(Int arg) native;
Void print(Int(4) arg) native;
Void print(Int(3) arg) native;
Void print(Unary(3) arg) native;
Void print(Bool(3) arg) native;
Void assert(Bool b) native;
}
#.
