## -*- mode:ulam -*-
#=t41079_test_compiler_defaultconstructor_error
#!
./A.ulam:6:7: ERROR: Initial value of 'locala' has no constructor arguments.
./A.ulam:22:3: ERROR: Default Constructor not allowed.
./A.ulam:2:1: ERROR: Empty/Incomplete Class Definition 'A'; Possible missing ending curly brace.
./A.ulam:24:5: ERROR: Invalid Class Type <a>; KEYWORD should be 'element', 'quark', 'union', or 'transient', or 'local'.
./A.ulam:2:9: ERROR: Invalid Type: A.
 ERROR: No parse tree for This Class: A.
Unrecoverable Program Parse FAILURE: <A.ulam>
./Bar.ulam:4:3: ERROR: Default Constructor not allowed.
./Bar.ulam:2:1: ERROR: Empty/Incomplete Class Definition 'Bar'; Possible missing ending curly brace.
./Bar.ulam:6:5: ERROR: Invalid Class Type <b>; KEYWORD should be 'element', 'quark', 'union', or 'transient', or 'local'.
./Bar.ulam:2:7: ERROR: Invalid Type: Bar.
 ERROR: No parse tree for This Class: Bar.
Unrecoverable Program Parse FAILURE: <Bar.ulam>
./Bar.ulam:6:7: ERROR: Invalid Class Type <=>; KEYWORD should be 'element', 'quark', 'union', or 'transient', or 'local'.
Unrecoverable Program Parse FAILURE: <System.ulam>
##
## informed by t41077
##
#>A.ulam
  ulam 2;
element A {
  Bar m_bar;
  Int test(){
    System s;
    A locala(); //ERROR!! constructor needs args!

    //local variables

    s.print(locala.d); //reset to false
    s.assert(!locala.d);

    s.print(locala.a + locala.b); //7
    s.assert(locala.a + locala.b == 7);

    return 0;
  }
  Bool(7) d = true;
  Int(4) a = 4;
  Int(4) b = 5;

  Self() //NOT DEFAULT CONSTRUCTORS
  {
    a--;
    b--;
    d = false;
  }
}

#:Bar.ulam
  ulam 2;
quark Bar
{
  Self()
  {
    b = false;
  }

  Bool b = true;
}

##
## test system quark with native overloaded print funcs; assert
#:System.ulam
  ulam 1;
quark System {
Void print(Unsigned arg) native;
Void print(Int arg) native;
Void print(Int(4) arg) native;
Void print(Int(3) arg) native;
Void print(Unary(3) arg) native;
Void print(Bool(3) arg) native;
Void assert(Bool b) native;
}

#.
